2022-07-14 13:32:26.3005|0|DEBUG|Microsoft.AspNetCore.Mvc.Razor.Compilation.DefaultViewCompiler|Initializing Razor view compiler with no compiled views. 
2022-07-14 13:32:26.3443|0|DEBUG|Microsoft.AspNetCore.Mvc.ModelBinding.ModelBinderFactory|Registered model binder providers, in the following order: Microsoft.AspNetCore.Mvc.ModelBinding.Binders.BinderTypeModelBinderProvider, Microsoft.AspNetCore.Mvc.ModelBinding.Binders.ServicesModelBinderProvider, Microsoft.AspNetCore.Mvc.ModelBinding.Binders.BodyModelBinderProvider, Microsoft.AspNetCore.Mvc.ModelBinding.Binders.HeaderModelBinderProvider, Microsoft.AspNetCore.Mvc.ModelBinding.Binders.FloatingPointTypeModelBinderProvider, Microsoft.AspNetCore.Mvc.ModelBinding.Binders.EnumTypeModelBinderProvider, Microsoft.AspNetCore.Mvc.ModelBinding.Binders.DateTimeModelBinderProvider, Microsoft.AspNetCore.Mvc.ModelBinding.Binders.SimpleTypeModelBinderProvider, Microsoft.AspNetCore.Mvc.ModelBinding.Binders.CancellationTokenModelBinderProvider, Microsoft.AspNetCore.Mvc.ModelBinding.Binders.ByteArrayModelBinderProvider, Microsoft.AspNetCore.Mvc.ModelBinding.Binders.FormFileModelBinderProvider, Microsoft.AspNetCore.Mvc.ModelBinding.Binders.FormCollectionModelBinderProvider, Microsoft.AspNetCore.Mvc.ModelBinding.Binders.KeyValuePairModelBinderProvider, Microsoft.AspNetCore.Mvc.ModelBinding.Binders.DictionaryModelBinderProvider, Microsoft.AspNetCore.Mvc.ModelBinding.Binders.ArrayModelBinderProvider, Microsoft.AspNetCore.Mvc.ModelBinding.Binders.CollectionModelBinderProvider, Microsoft.AspNetCore.Mvc.ModelBinding.Binders.ComplexObjectModelBinderProvider 
2022-07-14 13:32:26.3646|0|WARN|Microsoft.AspNetCore.DataProtection.Repositories.FileSystemXmlRepository|Storing keys in a directory '/root/.aspnet/DataProtection-Keys' that may not be persisted outside of the container. Protected data will be unavailable when container is destroyed. 
2022-07-14 13:32:26.3834|0|INFO|Microsoft.AspNetCore.DataProtection.KeyManagement.XmlKeyManager|User profile is available. Using '/root/.aspnet/DataProtection-Keys' as key repository; keys will not be encrypted at rest. 
2022-07-14 13:32:26.4097|0|DEBUG|Microsoft.Extensions.Hosting.Internal.Host|Hosting starting 
2022-07-14 13:32:26.4185|0|DEBUG|Microsoft.AspNetCore.DataProtection.KeyManagement.DefaultKeyResolver|Repository contains no viable default key. Caller should generate a key with immediate activation. 
2022-07-14 13:32:26.4185|0|DEBUG|Microsoft.AspNetCore.DataProtection.KeyManagement.KeyRingProvider|Policy resolution states that a new key should be added to the key ring. 
2022-07-14 13:32:26.4221|0|INFO|Microsoft.AspNetCore.DataProtection.KeyManagement.XmlKeyManager|Creating key {b34bb05c-a5b5-415d-a905-bc44585141cd} with creation date 2022-07-14 13:32:26Z, activation date 2022-07-14 13:32:26Z, and expiration date 2022-10-12 13:32:26Z. 
2022-07-14 13:32:26.4484|0|DEBUG|Microsoft.AspNetCore.DataProtection.KeyManagement.XmlKeyManager|Descriptor deserializer type for key {b34bb05c-a5b5-415d-a905-bc44585141cd} is 'Microsoft.AspNetCore.DataProtection.AuthenticatedEncryption.ConfigurationModel.AuthenticatedEncryptorDescriptorDeserializer, Microsoft.AspNetCore.DataProtection, Version=6.0.0.0, Culture=neutral, PublicKeyToken=adb9793829ddae60'. 
2022-07-14 13:32:26.4546|0|DEBUG|Microsoft.AspNetCore.DataProtection.KeyManagement.XmlKeyManager|No key escrow sink found. Not writing key {b34bb05c-a5b5-415d-a905-bc44585141cd} to escrow. 
2022-07-14 13:32:26.4546|0|WARN|Microsoft.AspNetCore.DataProtection.KeyManagement.XmlKeyManager|No XML encryptor configured. Key {b34bb05c-a5b5-415d-a905-bc44585141cd} may be persisted to storage in unencrypted form. 
2022-07-14 13:32:26.4546|0|INFO|Microsoft.AspNetCore.DataProtection.Repositories.FileSystemXmlRepository|Writing data to file '/root/.aspnet/DataProtection-Keys/key-b34bb05c-a5b5-415d-a905-bc44585141cd.xml'. 
2022-07-14 13:32:26.4546|0|DEBUG|Microsoft.AspNetCore.DataProtection.KeyManagement.XmlKeyManager|Key cache expiration token triggered by 'CreateNewKey' operation. 
2022-07-14 13:32:26.4546|0|DEBUG|Microsoft.AspNetCore.DataProtection.Repositories.FileSystemXmlRepository|Reading data from file '/root/.aspnet/DataProtection-Keys/key-b34bb05c-a5b5-415d-a905-bc44585141cd.xml'. 
2022-07-14 13:32:26.4546|0|DEBUG|Microsoft.AspNetCore.DataProtection.KeyManagement.XmlKeyManager|Found key {b34bb05c-a5b5-415d-a905-bc44585141cd}. 
2022-07-14 13:32:26.4639|0|DEBUG|Microsoft.AspNetCore.DataProtection.KeyManagement.DefaultKeyResolver|Considering key {b34bb05c-a5b5-415d-a905-bc44585141cd} with expiration date 2022-10-12 13:32:26Z as default key. 
2022-07-14 13:32:26.4639|0|DEBUG|Microsoft.AspNetCore.DataProtection.TypeForwardingActivator|Forwarded activator type request from Microsoft.AspNetCore.DataProtection.AuthenticatedEncryption.ConfigurationModel.AuthenticatedEncryptorDescriptorDeserializer, Microsoft.AspNetCore.DataProtection, Version=6.0.0.0, Culture=neutral, PublicKeyToken=adb9793829ddae60 to Microsoft.AspNetCore.DataProtection.AuthenticatedEncryption.ConfigurationModel.AuthenticatedEncryptorDescriptorDeserializer, Microsoft.AspNetCore.DataProtection, Culture=neutral, PublicKeyToken=adb9793829ddae60 
2022-07-14 13:32:26.4639|0|DEBUG|Microsoft.AspNetCore.DataProtection.AuthenticatedEncryption.ManagedAuthenticatedEncryptorFactory|Using managed symmetric algorithm 'System.Security.Cryptography.Aes'. 
2022-07-14 13:32:26.4639|0|DEBUG|Microsoft.AspNetCore.DataProtection.AuthenticatedEncryption.ManagedAuthenticatedEncryptorFactory|Using managed keyed hash algorithm 'System.Security.Cryptography.HMACSHA256'. 
2022-07-14 13:32:26.4715|0|DEBUG|Microsoft.AspNetCore.DataProtection.KeyManagement.KeyRingProvider|Using key {b34bb05c-a5b5-415d-a905-bc44585141cd} as the default key. 
2022-07-14 13:32:26.4715|0|DEBUG|Microsoft.AspNetCore.DataProtection.Internal.DataProtectionHostedService|Key ring with default key {b34bb05c-a5b5-415d-a905-bc44585141cd} was loaded during application startup. 
2022-07-14 13:32:26.5727|0|DEBUG|Microsoft.AspNetCore.Server.Kestrel.Core.KestrelServer|Using development certificate: CN=localhost (Thumbprint: F104FF3FA7D036D5ED04A3A5441470A839EC7C9A) 
2022-07-14 13:32:26.6943|0|INFO|Microsoft.Hosting.Lifetime|Now listening on: https://[::]:443 
2022-07-14 13:32:26.7016|0|INFO|Microsoft.Hosting.Lifetime|Now listening on: http://[::]:80 
2022-07-14 13:32:26.7016|0|DEBUG|Microsoft.AspNetCore.Hosting.Diagnostics|Loaded hosting startup assembly Simple_Asp.Net_Core 
2022-07-14 13:32:26.7016|0|INFO|Microsoft.Hosting.Lifetime|Application started. Press Ctrl+C to shut down. 
2022-07-14 13:32:26.7016|0|INFO|Microsoft.Hosting.Lifetime|Hosting environment: Development 
2022-07-14 13:32:26.7016|0|INFO|Microsoft.Hosting.Lifetime|Content root path: /app/ 
2022-07-14 13:32:26.7016|0|DEBUG|Microsoft.Extensions.Hosting.Internal.Host|Hosting started 
2022-07-14 13:32:27.3241|0|DEBUG|Microsoft.AspNetCore.Server.Kestrel.Connections|Connection id "0HMJ5JL5K3COK" accepted. 
2022-07-14 13:32:27.3241|0|DEBUG|Microsoft.AspNetCore.Server.Kestrel.Connections|Connection id "0HMJ5JL5K3COK" started. 
2022-07-14 13:32:27.3935|0|DEBUG|Microsoft.AspNetCore.Server.Kestrel.Https.Internal.HttpsConnectionMiddleware|Connection 0HMJ5JL5K3COK established using the following protocol: Tls13 
2022-07-14 13:32:27.4071|0|TRACE|Microsoft.AspNetCore.Server.Kestrel.Http2|Connection id "0HMJ5JL5K3COK" sending SETTINGS frame for stream ID 0 with length 18 and flags NONE. 
2022-07-14 13:32:27.4071|0|TRACE|Microsoft.AspNetCore.Server.Kestrel.Http2|Connection id "0HMJ5JL5K3COK" sending WINDOW_UPDATE frame for stream ID 0 with length 4 and flags 0x0. 
2022-07-14 13:32:27.4114|0|TRACE|Microsoft.AspNetCore.Server.Kestrel.Http2|Connection id "0HMJ5JL5K3COK" received SETTINGS frame for stream ID 0 with length 24 and flags NONE. 
2022-07-14 13:32:27.4114|0|TRACE|Microsoft.AspNetCore.Server.Kestrel.Http2|Connection id "0HMJ5JL5K3COK" sending SETTINGS frame for stream ID 0 with length 0 and flags ACK. 
2022-07-14 13:32:27.4114|0|TRACE|Microsoft.AspNetCore.Server.Kestrel.Http2|Connection id "0HMJ5JL5K3COK" received WINDOW_UPDATE frame for stream ID 0 with length 4 and flags 0x0. 
2022-07-14 13:32:27.4114|0|TRACE|Microsoft.AspNetCore.Server.Kestrel.Http2|Connection id "0HMJ5JL5K3COK" received HEADERS frame for stream ID 1 with length 488 and flags END_STREAM, END_HEADERS, PRIORITY. 
2022-07-14 13:32:27.4302|0|TRACE|Microsoft.AspNetCore.Server.Kestrel.Http2|Connection id "0HMJ5JL5K3COK" received SETTINGS frame for stream ID 0 with length 0 and flags ACK. 
2022-07-14 13:32:27.4401|0|INFO|Microsoft.AspNetCore.Hosting.Diagnostics|Request starting HTTP/2 GET https://localhost:49153/swagger/index.html - - 
2022-07-14 13:32:27.4421|0|DEBUG|Microsoft.AspNetCore.HostFiltering.HostFilteringMiddleware|Wildcard detected, all requests with hosts will be allowed. 
2022-07-14 13:32:27.4421|0|TRACE|Microsoft.AspNetCore.HostFiltering.HostFilteringMiddleware|All hosts are allowed. 
2022-07-14 13:32:27.5458|0|TRACE|Microsoft.AspNetCore.Server.Kestrel.Http2|Connection id "0HMJ5JL5K3COK" sending HEADERS frame for stream ID 1 with length 66 and flags END_HEADERS. 
2022-07-14 13:32:27.5458|0|TRACE|Microsoft.AspNetCore.Server.Kestrel.Http2|Connection id "0HMJ5JL5K3COK" sending DATA frame for stream ID 1 with length 4751 and flags NONE. 
2022-07-14 13:32:27.5458|0|TRACE|Microsoft.AspNetCore.Server.Kestrel.Http2|Connection id "0HMJ5JL5K3COK" sending DATA frame for stream ID 1 with length 0 and flags END_STREAM. 
2022-07-14 13:32:27.5529|0|INFO|Microsoft.AspNetCore.Hosting.Diagnostics|Request finished HTTP/2 GET https://localhost:49153/swagger/index.html - - - 200 - text/html;charset=utf-8 115.5931ms 
2022-07-14 13:32:27.6820|0|TRACE|Microsoft.AspNetCore.Server.Kestrel.Http2|Connection id "0HMJ5JL5K3COK" received HEADERS frame for stream ID 3 with length 107 and flags END_STREAM, END_HEADERS, PRIORITY. 
2022-07-14 13:32:27.6820|0|INFO|Microsoft.AspNetCore.Hosting.Diagnostics|Request starting HTTP/2 GET https://localhost:49153/swagger/v1/swagger.json - - 
2022-07-14 13:32:27.6820|0|TRACE|Microsoft.AspNetCore.HostFiltering.HostFilteringMiddleware|All hosts are allowed. 
2022-07-14 13:32:27.8000|0|TRACE|Microsoft.AspNetCore.Server.Kestrel.Http2|Connection id "0HMJ5JL5K3COK" sending HEADERS frame for stream ID 3 with length 35 and flags END_HEADERS. 
2022-07-14 13:32:27.8000|0|TRACE|Microsoft.AspNetCore.Server.Kestrel.Http2|Connection id "0HMJ5JL5K3COK" sending DATA frame for stream ID 3 with length 14946 and flags NONE. 
2022-07-14 13:32:27.8013|0|TRACE|Microsoft.AspNetCore.Server.Kestrel.Http2|Connection id "0HMJ5JL5K3COK" sending DATA frame for stream ID 3 with length 0 and flags END_STREAM. 
2022-07-14 13:32:27.8013|0|INFO|Microsoft.AspNetCore.Hosting.Diagnostics|Request finished HTTP/2 GET https://localhost:49153/swagger/v1/swagger.json - - - 200 - application/json;charset=utf-8 116.0796ms 
2022-07-14 13:32:57.8212|0|TRACE|Microsoft.AspNetCore.Server.Kestrel.Http2|Connection id "0HMJ5JL5K3COK" received HEADERS frame for stream ID 5 with length 40 and flags END_STREAM, END_HEADERS, PRIORITY. 
2022-07-14 13:32:57.8212|0|TRACE|Microsoft.AspNetCore.Server.Kestrel.Http2|Connection id "0HMJ5JL5K3COK" received PING frame for stream ID 0 with length 8 and flags NONE. 
2022-07-14 13:32:57.8212|0|INFO|Microsoft.AspNetCore.Hosting.Diagnostics|Request starting HTTP/2 GET https://localhost:49153/swagger/v1/swagger.json - - 
2022-07-14 13:32:57.8212|0|TRACE|Microsoft.AspNetCore.Server.Kestrel.Http2|Connection id "0HMJ5JL5K3COK" sending PING frame for stream ID 0 with length 8 and flags ACK. 
2022-07-14 13:32:57.8212|0|TRACE|Microsoft.AspNetCore.HostFiltering.HostFilteringMiddleware|All hosts are allowed. 
2022-07-14 13:32:57.8313|0|TRACE|Microsoft.AspNetCore.Server.Kestrel.Http2|Connection id "0HMJ5JL5K3COK" sending HEADERS frame for stream ID 5 with length 34 and flags END_HEADERS. 
2022-07-14 13:32:57.8313|0|TRACE|Microsoft.AspNetCore.Server.Kestrel.Http2|Connection id "0HMJ5JL5K3COK" sending DATA frame for stream ID 5 with length 14946 and flags NONE. 
2022-07-14 13:32:57.8313|0|TRACE|Microsoft.AspNetCore.Server.Kestrel.Http2|Connection id "0HMJ5JL5K3COK" sending DATA frame for stream ID 5 with length 0 and flags END_STREAM. 
2022-07-14 13:32:57.8313|0|INFO|Microsoft.AspNetCore.Hosting.Diagnostics|Request finished HTTP/2 GET https://localhost:49153/swagger/v1/swagger.json - - - 200 - application/json;charset=utf-8 6.1626ms 
2022-07-14 13:32:57.8313|0|TRACE|Microsoft.AspNetCore.Server.Kestrel.Http2|Connection id "0HMJ5JL5K3COK" received WINDOW_UPDATE frame for stream ID 0 with length 4 and flags 0x0. 
2022-07-14 13:32:57.9313|0|TRACE|Microsoft.AspNetCore.Server.Kestrel.Http2|Connection id "0HMJ5JL5K3COK" received HEADERS frame for stream ID 7 with length 120 and flags END_STREAM, END_HEADERS, PRIORITY. 
2022-07-14 13:32:57.9313|0|INFO|Microsoft.AspNetCore.Hosting.Diagnostics|Request starting HTTP/2 GET https://localhost:49153/favicon.ico - - 
2022-07-14 13:32:57.9313|0|TRACE|Microsoft.AspNetCore.HostFiltering.HostFilteringMiddleware|All hosts are allowed. 
2022-07-14 13:32:57.9313|0|DEBUG|Microsoft.AspNetCore.StaticFiles.StaticFileMiddleware|The request path  does not match the path filter 
2022-07-14 13:32:57.9620|0|DEBUG|Microsoft.AspNetCore.Routing.Matching.DfaMatcher|No candidates found for the request path '/favicon.ico' 
2022-07-14 13:32:57.9620|0|DEBUG|Microsoft.AspNetCore.Routing.EndpointRoutingMiddleware|Request did not match any endpoints 
2022-07-14 13:32:58.0599|0|DEBUG|Microsoft.AspNetCore.Authentication.JwtBearer.JwtBearerHandler|AuthenticationScheme: Bearer was not authenticated. 
2022-07-14 13:32:58.0627|0|TRACE|Microsoft.AspNetCore.Server.Kestrel.Http2|Connection id "0HMJ5JL5K3COK" sending HEADERS frame for stream ID 7 with length 7 and flags END_STREAM, END_HEADERS. 
2022-07-14 13:32:58.0627|0|INFO|Microsoft.AspNetCore.Hosting.Diagnostics|Request finished HTTP/2 GET https://localhost:49153/favicon.ico - - - 404 0 - 127.9881ms 
2022-07-14 13:41:59.5343|0|TRACE|Microsoft.AspNetCore.Server.Kestrel.Http2|Connection id "0HMJ5JL5K3COK" received HEADERS frame for stream ID 9 with length 75 and flags END_STREAM, END_HEADERS, PRIORITY. 
2022-07-14 13:41:59.5343|0|TRACE|Microsoft.AspNetCore.Server.Kestrel.Http2|Connection id "0HMJ5JL5K3COK" received PING frame for stream ID 0 with length 8 and flags NONE. 
2022-07-14 13:41:59.5343|0|TRACE|Microsoft.AspNetCore.Server.Kestrel.Http2|Connection id "0HMJ5JL5K3COK" sending PING frame for stream ID 0 with length 8 and flags ACK. 
2022-07-14 13:41:59.5343|0|INFO|Microsoft.AspNetCore.Hosting.Diagnostics|Request starting HTTP/2 POST https://localhost:49153/api/OAuth?name=11&password=11 - 0 
2022-07-14 13:41:59.5343|0|TRACE|Microsoft.AspNetCore.HostFiltering.HostFilteringMiddleware|All hosts are allowed. 
2022-07-14 13:41:59.5343|0|DEBUG|Microsoft.AspNetCore.StaticFiles.StaticFileMiddleware|POST requests are not supported 
2022-07-14 13:41:59.5421|0|DEBUG|Microsoft.AspNetCore.Routing.Matching.DfaMatcher|1 candidate(s) found for the request path '/api/OAuth' 
2022-07-14 13:41:59.5421|0|DEBUG|Microsoft.AspNetCore.Routing.Matching.DfaMatcher|Endpoint 'Simple_Asp.Net_Core.Controllers.OAuthController.Authenticate (Simple_Asp.Net_Core)' with route pattern 'api/OAuth' is valid for the request path '/api/OAuth' 
2022-07-14 13:41:59.5421|0|DEBUG|Microsoft.AspNetCore.Routing.EndpointRoutingMiddleware|Request matched endpoint 'Simple_Asp.Net_Core.Controllers.OAuthController.Authenticate (Simple_Asp.Net_Core)' 
2022-07-14 13:41:59.5421|0|DEBUG|Microsoft.AspNetCore.Cors.Infrastructure.CorsService|The request has an origin header: 'https://localhost:49153'. 
2022-07-14 13:41:59.5421|0|INFO|Microsoft.AspNetCore.Cors.Infrastructure.CorsService|CORS policy execution successful. 
2022-07-14 13:41:59.5421|0|DEBUG|Microsoft.AspNetCore.Authentication.JwtBearer.JwtBearerHandler|AuthenticationScheme: Bearer was not authenticated. 
2022-07-14 13:41:59.5746|0|INFO|Microsoft.AspNetCore.Routing.EndpointMiddleware|Executing endpoint 'Simple_Asp.Net_Core.Controllers.OAuthController.Authenticate (Simple_Asp.Net_Core)' 
2022-07-14 13:41:59.5914|0|INFO|Microsoft.AspNetCore.Mvc.Infrastructure.ControllerActionInvoker|Route matched with {action = "Authenticate", controller = "OAuth"}. Executing controller action with signature Microsoft.AspNetCore.Mvc.IActionResult Authenticate(System.String, System.String) on controller Simple_Asp.Net_Core.Controllers.OAuthController (Simple_Asp.Net_Core). 
2022-07-14 13:41:59.5914|0|DEBUG|Microsoft.AspNetCore.Mvc.Infrastructure.ControllerActionInvoker|Execution plan of authorization filters (in the following order): None 
2022-07-14 13:41:59.5914|0|DEBUG|Microsoft.AspNetCore.Mvc.Infrastructure.ControllerActionInvoker|Execution plan of resource filters (in the following order): Microsoft.AspNetCore.Mvc.ViewFeatures.Filters.SaveTempDataFilter 
2022-07-14 13:41:59.5914|0|DEBUG|Microsoft.AspNetCore.Mvc.Infrastructure.ControllerActionInvoker|Execution plan of action filters (in the following order): Microsoft.AspNetCore.Mvc.ModelBinding.UnsupportedContentTypeFilter (Order: -3000), Microsoft.AspNetCore.Mvc.Infrastructure.ModelStateInvalidFilter (Order: -2000) 
2022-07-14 13:41:59.5914|0|DEBUG|Microsoft.AspNetCore.Mvc.Infrastructure.ControllerActionInvoker|Execution plan of exception filters (in the following order): None 
2022-07-14 13:41:59.5914|0|DEBUG|Microsoft.AspNetCore.Mvc.Infrastructure.ControllerActionInvoker|Execution plan of result filters (in the following order): Microsoft.AspNetCore.Mvc.ViewFeatures.Filters.SaveTempDataFilter, Microsoft.AspNetCore.Mvc.Infrastructure.ClientErrorResultFilter (Order: -2000) 
2022-07-14 13:41:59.5914|0|TRACE|Microsoft.AspNetCore.Mvc.Infrastructure.ControllerActionInvoker|Resource Filter: Before executing OnResourceExecuting on filter Microsoft.AspNetCore.Mvc.ViewFeatures.Filters.SaveTempDataFilter. 
2022-07-14 13:41:59.5914|0|TRACE|Microsoft.AspNetCore.Mvc.Infrastructure.ControllerActionInvoker|Resource Filter: After executing OnResourceExecuting on filter Microsoft.AspNetCore.Mvc.ViewFeatures.Filters.SaveTempDataFilter. 
2022-07-14 13:41:59.5914|0|DEBUG|Microsoft.AspNetCore.Mvc.Infrastructure.ControllerActionInvoker|Executing controller factory for controller Simple_Asp.Net_Core.Controllers.OAuthController (Simple_Asp.Net_Core) 
2022-07-14 13:42:01.5815|0|DEBUG|Microsoft.AspNetCore.Mvc.Infrastructure.ControllerActionInvoker|Executed controller factory for controller Simple_Asp.Net_Core.Controllers.OAuthController (Simple_Asp.Net_Core) 
2022-07-14 13:42:01.5815|0|DEBUG|Microsoft.AspNetCore.Mvc.ModelBinding.ParameterBinder|Attempting to bind parameter 'name' of type 'System.String' ... 
2022-07-14 13:42:01.5815|0|DEBUG|Microsoft.AspNetCore.Mvc.ModelBinding.Binders.SimpleTypeModelBinder|Attempting to bind parameter 'name' of type 'System.String' using the name 'name' in request data ... 
2022-07-14 13:42:01.5815|0|DEBUG|Microsoft.AspNetCore.Mvc.ModelBinding.Binders.SimpleTypeModelBinder|Done attempting to bind parameter 'name' of type 'System.String'. 
2022-07-14 13:42:01.5815|0|DEBUG|Microsoft.AspNetCore.Mvc.ModelBinding.ParameterBinder|Done attempting to bind parameter 'name' of type 'System.String'. 
2022-07-14 13:42:01.5910|0|DEBUG|Microsoft.AspNetCore.Mvc.ModelBinding.ParameterBinder|Attempting to validate the bound parameter 'name' of type 'System.String' ... 
2022-07-14 13:42:01.5910|0|DEBUG|Microsoft.AspNetCore.Mvc.ModelBinding.ParameterBinder|Done attempting to validate the bound parameter 'name' of type 'System.String'. 
2022-07-14 13:42:01.5910|0|DEBUG|Microsoft.AspNetCore.Mvc.ModelBinding.ParameterBinder|Attempting to bind parameter 'password' of type 'System.String' ... 
2022-07-14 13:42:01.5910|0|DEBUG|Microsoft.AspNetCore.Mvc.ModelBinding.Binders.SimpleTypeModelBinder|Attempting to bind parameter 'password' of type 'System.String' using the name 'password' in request data ... 
2022-07-14 13:42:01.5910|0|DEBUG|Microsoft.AspNetCore.Mvc.ModelBinding.Binders.SimpleTypeModelBinder|Done attempting to bind parameter 'password' of type 'System.String'. 
2022-07-14 13:42:01.5910|0|DEBUG|Microsoft.AspNetCore.Mvc.ModelBinding.ParameterBinder|Done attempting to bind parameter 'password' of type 'System.String'. 
2022-07-14 13:42:01.5910|0|DEBUG|Microsoft.AspNetCore.Mvc.ModelBinding.ParameterBinder|Attempting to validate the bound parameter 'password' of type 'System.String' ... 
2022-07-14 13:42:01.5910|0|DEBUG|Microsoft.AspNetCore.Mvc.ModelBinding.ParameterBinder|Done attempting to validate the bound parameter 'password' of type 'System.String'. 
2022-07-14 13:42:01.5910|0|TRACE|Microsoft.AspNetCore.Mvc.Infrastructure.ControllerActionInvoker|Action Filter: Before executing OnActionExecuting on filter Microsoft.AspNetCore.Mvc.ModelBinding.UnsupportedContentTypeFilter. 
2022-07-14 13:42:01.5910|0|TRACE|Microsoft.AspNetCore.Mvc.Infrastructure.ControllerActionInvoker|Action Filter: After executing OnActionExecuting on filter Microsoft.AspNetCore.Mvc.ModelBinding.UnsupportedContentTypeFilter. 
2022-07-14 13:42:01.5910|0|TRACE|Microsoft.AspNetCore.Mvc.Infrastructure.ControllerActionInvoker|Action Filter: Before executing OnActionExecuting on filter Microsoft.AspNetCore.Mvc.Infrastructure.ModelStateInvalidFilter. 
2022-07-14 13:42:01.5910|0|TRACE|Microsoft.AspNetCore.Mvc.Infrastructure.ControllerActionInvoker|Action Filter: After executing OnActionExecuting on filter Microsoft.AspNetCore.Mvc.Infrastructure.ModelStateInvalidFilter. 
2022-07-14 13:42:01.6024|0|INFO|Microsoft.AspNetCore.Mvc.Infrastructure.ControllerActionInvoker|Executing action method Simple_Asp.Net_Core.Controllers.OAuthController.Authenticate (Simple_Asp.Net_Core) - Validation state: Valid 
2022-07-14 13:42:01.6024|0|TRACE|Microsoft.AspNetCore.Mvc.Infrastructure.ControllerActionInvoker|Executing action method Simple_Asp.Net_Core.Controllers.OAuthController.Authenticate (Simple_Asp.Net_Core) with arguments (11, 11) 
2022-07-14 13:42:02.2579|0|ERROR|Simple_Asp.Net_Core.Controllers.OAuthController|TEST1 
2022-07-14 13:42:03.1233|0|INFO|Microsoft.AspNetCore.Mvc.Infrastructure.ControllerActionInvoker|Executed action method Simple_Asp.Net_Core.Controllers.OAuthController.Authenticate (Simple_Asp.Net_Core), returned result Microsoft.AspNetCore.Mvc.OkObjectResult in 1517.4045ms. 
2022-07-14 13:42:03.1233|0|TRACE|Microsoft.AspNetCore.Mvc.Infrastructure.ControllerActionInvoker|Action Filter: Before executing OnActionExecuted on filter Microsoft.AspNetCore.Mvc.Infrastructure.ModelStateInvalidFilter. 
2022-07-14 13:42:03.1233|0|TRACE|Microsoft.AspNetCore.Mvc.Infrastructure.ControllerActionInvoker|Action Filter: After executing OnActionExecuted on filter Microsoft.AspNetCore.Mvc.Infrastructure.ModelStateInvalidFilter. 
2022-07-14 13:42:03.1233|0|TRACE|Microsoft.AspNetCore.Mvc.Infrastructure.ControllerActionInvoker|Action Filter: Before executing OnActionExecuted on filter Microsoft.AspNetCore.Mvc.ModelBinding.UnsupportedContentTypeFilter. 
2022-07-14 13:42:03.1233|0|TRACE|Microsoft.AspNetCore.Mvc.Infrastructure.ControllerActionInvoker|Action Filter: After executing OnActionExecuted on filter Microsoft.AspNetCore.Mvc.ModelBinding.UnsupportedContentTypeFilter. 
2022-07-14 13:42:03.1233|0|TRACE|Microsoft.AspNetCore.Mvc.Infrastructure.ControllerActionInvoker|Result Filter: Before executing OnResultExecuting on filter Microsoft.AspNetCore.Mvc.ViewFeatures.Filters.SaveTempDataFilter. 
2022-07-14 13:42:03.1233|0|TRACE|Microsoft.AspNetCore.Mvc.Infrastructure.ControllerActionInvoker|Result Filter: After executing OnResultExecuting on filter Microsoft.AspNetCore.Mvc.ViewFeatures.Filters.SaveTempDataFilter. 
2022-07-14 13:42:03.1233|0|TRACE|Microsoft.AspNetCore.Mvc.Infrastructure.ControllerActionInvoker|Result Filter: Before executing OnResultExecuting on filter Microsoft.AspNetCore.Mvc.Infrastructure.ClientErrorResultFilter. 
2022-07-14 13:42:03.1233|0|TRACE|Microsoft.AspNetCore.Mvc.Infrastructure.ControllerActionInvoker|Result Filter: After executing OnResultExecuting on filter Microsoft.AspNetCore.Mvc.Infrastructure.ClientErrorResultFilter. 
2022-07-14 13:42:03.1233|0|TRACE|Microsoft.AspNetCore.Mvc.Infrastructure.ControllerActionInvoker|Before executing action result Microsoft.AspNetCore.Mvc.OkObjectResult. 
2022-07-14 13:42:03.1233|0|DEBUG|Microsoft.AspNetCore.Mvc.Infrastructure.DefaultOutputFormatterSelector|List of registered output formatters, in the following order: Microsoft.AspNetCore.Mvc.Formatters.HttpNoContentOutputFormatter, Microsoft.AspNetCore.Mvc.Formatters.StringOutputFormatter, Microsoft.AspNetCore.Mvc.Formatters.StreamOutputFormatter, Microsoft.AspNetCore.Mvc.Formatters.NewtonsoftJsonOutputFormatter 
2022-07-14 13:42:03.1233|0|DEBUG|Microsoft.AspNetCore.Mvc.Infrastructure.DefaultOutputFormatterSelector|No information found on request to perform content negotiation. 
2022-07-14 13:42:03.1233|0|DEBUG|Microsoft.AspNetCore.Mvc.Infrastructure.DefaultOutputFormatterSelector|Attempting to select an output formatter without using a content type as no explicit content types were specified for the response. 
2022-07-14 13:42:03.1233|0|DEBUG|Microsoft.AspNetCore.Mvc.Infrastructure.DefaultOutputFormatterSelector|Attempting to select the first formatter in the output formatters list which can write the result. 
2022-07-14 13:42:03.1312|0|DEBUG|Microsoft.AspNetCore.Mvc.Infrastructure.DefaultOutputFormatterSelector|Selected output formatter 'Microsoft.AspNetCore.Mvc.Formatters.NewtonsoftJsonOutputFormatter' and content type 'application/json' to write the response. 
2022-07-14 13:42:03.1312|0|INFO|Microsoft.AspNetCore.Mvc.Infrastructure.ObjectResultExecutor|Executing OkObjectResult, writing value of type 'Simple_Asp.Net_Core.Dtos.SysMsg'. 
2022-07-14 13:42:03.1602|0|TRACE|Microsoft.AspNetCore.Server.Kestrel.Http2|Connection id "0HMJ5JL5K3COK" sending HEADERS frame for stream ID 9 with length 126 and flags END_HEADERS. 
2022-07-14 13:42:03.1602|0|TRACE|Microsoft.AspNetCore.Server.Kestrel.Http2|Connection id "0HMJ5JL5K3COK" sending DATA frame for stream ID 9 with length 392 and flags NONE. 
2022-07-14 13:42:03.1621|0|TRACE|Microsoft.AspNetCore.Mvc.Infrastructure.ControllerActionInvoker|After executing action result Microsoft.AspNetCore.Mvc.OkObjectResult. 
2022-07-14 13:42:03.1621|0|TRACE|Microsoft.AspNetCore.Mvc.Infrastructure.ControllerActionInvoker|Result Filter: Before executing OnResultExecuted on filter Microsoft.AspNetCore.Mvc.Infrastructure.ClientErrorResultFilter. 
2022-07-14 13:42:03.1621|0|TRACE|Microsoft.AspNetCore.Mvc.Infrastructure.ControllerActionInvoker|Result Filter: After executing OnResultExecuted on filter Microsoft.AspNetCore.Mvc.Infrastructure.ClientErrorResultFilter. 
2022-07-14 13:42:03.1621|0|TRACE|Microsoft.AspNetCore.Mvc.Infrastructure.ControllerActionInvoker|Result Filter: Before executing OnResultExecuted on filter Microsoft.AspNetCore.Mvc.ViewFeatures.Filters.SaveTempDataFilter. 
2022-07-14 13:42:03.1621|0|TRACE|Microsoft.AspNetCore.Mvc.Infrastructure.ControllerActionInvoker|Result Filter: After executing OnResultExecuted on filter Microsoft.AspNetCore.Mvc.ViewFeatures.Filters.SaveTempDataFilter. 
2022-07-14 13:42:03.1621|0|TRACE|Microsoft.AspNetCore.Mvc.Infrastructure.ControllerActionInvoker|Resource Filter: Before executing OnResourceExecuted on filter Microsoft.AspNetCore.Mvc.ViewFeatures.Filters.SaveTempDataFilter. 
2022-07-14 13:42:03.1621|0|TRACE|Microsoft.AspNetCore.Mvc.Infrastructure.ControllerActionInvoker|Resource Filter: After executing OnResourceExecuted on filter Microsoft.AspNetCore.Mvc.ViewFeatures.Filters.SaveTempDataFilter. 
2022-07-14 13:42:03.1621|0|TRACE|Microsoft.AspNetCore.Server.Kestrel.Http2|Connection id "0HMJ5JL5K3COK" received WINDOW_UPDATE frame for stream ID 0 with length 4 and flags 0x0. 
2022-07-14 13:42:03.1621|0|INFO|Microsoft.AspNetCore.Mvc.Infrastructure.ControllerActionInvoker|Executed action Simple_Asp.Net_Core.Controllers.OAuthController.Authenticate (Simple_Asp.Net_Core) in 3569.9654ms 
2022-07-14 13:42:03.1621|0|INFO|Microsoft.AspNetCore.Routing.EndpointMiddleware|Executed endpoint 'Simple_Asp.Net_Core.Controllers.OAuthController.Authenticate (Simple_Asp.Net_Core)' 
2022-07-14 13:42:03.1621|0|TRACE|Microsoft.AspNetCore.Server.Kestrel.Http2|Connection id "0HMJ5JL5K3COK" sending DATA frame for stream ID 9 with length 0 and flags END_STREAM. 
2022-07-14 13:42:03.1710|0|INFO|Microsoft.AspNetCore.Hosting.Diagnostics|Request finished HTTP/2 POST https://localhost:49153/api/OAuth?name=11&password=11 - 0 - 200 392 application/json;+charset=utf-8 3635.8733ms 
2022-07-14 13:42:23.3390|0|TRACE|Microsoft.AspNetCore.Server.Kestrel.Http2|Connection id "0HMJ5JL5K3COK" received HEADERS frame for stream ID 11 with length 294 and flags END_STREAM, END_HEADERS, PRIORITY. 
2022-07-14 13:42:23.3423|0|TRACE|Microsoft.AspNetCore.Server.Kestrel.Http2|Connection id "0HMJ5JL5K3COK" received PING frame for stream ID 0 with length 8 and flags NONE. 
2022-07-14 13:42:23.3423|0|INFO|Microsoft.AspNetCore.Hosting.Diagnostics|Request starting HTTP/2 GET https://localhost:49153/api/Commands - - 
2022-07-14 13:42:23.3423|0|TRACE|Microsoft.AspNetCore.Server.Kestrel.Http2|Connection id "0HMJ5JL5K3COK" sending PING frame for stream ID 0 with length 8 and flags ACK. 
2022-07-14 13:42:23.3423|0|TRACE|Microsoft.AspNetCore.HostFiltering.HostFilteringMiddleware|All hosts are allowed. 
2022-07-14 13:42:23.3423|0|DEBUG|Microsoft.AspNetCore.StaticFiles.StaticFileMiddleware|The request path  does not match the path filter 
2022-07-14 13:42:23.3423|0|DEBUG|Microsoft.AspNetCore.Routing.Matching.DfaMatcher|1 candidate(s) found for the request path '/api/Commands' 
2022-07-14 13:42:23.3423|0|DEBUG|Microsoft.AspNetCore.Routing.Matching.DfaMatcher|Endpoint 'Simple_Asp.Net_Core.Controllers.CommandsController.GetAllCommmands (Simple_Asp.Net_Core)' with route pattern 'api/Commands' is valid for the request path '/api/Commands' 
2022-07-14 13:42:23.3423|0|DEBUG|Microsoft.AspNetCore.Routing.EndpointRoutingMiddleware|Request matched endpoint 'Simple_Asp.Net_Core.Controllers.CommandsController.GetAllCommmands (Simple_Asp.Net_Core)' 
2022-07-14 13:42:23.4136|0|DEBUG|Microsoft.AspNetCore.Authentication.JwtBearer.JwtBearerHandler|Successfully validated the token. 
2022-07-14 13:42:23.4136|0|DEBUG|Microsoft.AspNetCore.Authentication.JwtBearer.JwtBearerHandler|AuthenticationScheme: Bearer was successfully authenticated. 
2022-07-14 13:42:23.4136|0|DEBUG|Microsoft.AspNetCore.Authorization.DefaultAuthorizationService|Authorization was successful. 
2022-07-14 13:42:23.4136|0|INFO|Microsoft.AspNetCore.Routing.EndpointMiddleware|Executing endpoint 'Simple_Asp.Net_Core.Controllers.CommandsController.GetAllCommmands (Simple_Asp.Net_Core)' 
2022-07-14 13:42:23.4211|0|INFO|Microsoft.AspNetCore.Mvc.Infrastructure.ControllerActionInvoker|Route matched with {action = "GetAllCommmands", controller = "Commands"}. Executing controller action with signature Microsoft.AspNetCore.Mvc.ActionResult`1[System.Collections.Generic.IEnumerable`1[Simple_Asp.Net_Core.Dtos.CommandReadDto]] GetAllCommmands() on controller Simple_Asp.Net_Core.Controllers.CommandsController (Simple_Asp.Net_Core). 
2022-07-14 13:42:23.4211|0|DEBUG|Microsoft.AspNetCore.Mvc.Infrastructure.ControllerActionInvoker|Execution plan of authorization filters (in the following order): None 
2022-07-14 13:42:23.4211|0|DEBUG|Microsoft.AspNetCore.Mvc.Infrastructure.ControllerActionInvoker|Execution plan of resource filters (in the following order): Microsoft.AspNetCore.Mvc.ViewFeatures.Filters.SaveTempDataFilter 
2022-07-14 13:42:23.4211|0|DEBUG|Microsoft.AspNetCore.Mvc.Infrastructure.ControllerActionInvoker|Execution plan of action filters (in the following order): Microsoft.AspNetCore.Mvc.ModelBinding.UnsupportedContentTypeFilter (Order: -3000), Microsoft.AspNetCore.Mvc.Infrastructure.ModelStateInvalidFilter (Order: -2000) 
2022-07-14 13:42:23.4211|0|DEBUG|Microsoft.AspNetCore.Mvc.Infrastructure.ControllerActionInvoker|Execution plan of exception filters (in the following order): None 
2022-07-14 13:42:23.4211|0|DEBUG|Microsoft.AspNetCore.Mvc.Infrastructure.ControllerActionInvoker|Execution plan of result filters (in the following order): Microsoft.AspNetCore.Mvc.ViewFeatures.Filters.SaveTempDataFilter, Microsoft.AspNetCore.Mvc.Infrastructure.ClientErrorResultFilter (Order: -2000) 
2022-07-14 13:42:23.4211|0|TRACE|Microsoft.AspNetCore.Mvc.Infrastructure.ControllerActionInvoker|Resource Filter: Before executing OnResourceExecuting on filter Microsoft.AspNetCore.Mvc.ViewFeatures.Filters.SaveTempDataFilter. 
2022-07-14 13:42:23.4211|0|TRACE|Microsoft.AspNetCore.Mvc.Infrastructure.ControllerActionInvoker|Resource Filter: After executing OnResourceExecuting on filter Microsoft.AspNetCore.Mvc.ViewFeatures.Filters.SaveTempDataFilter. 
2022-07-14 13:42:23.4211|0|DEBUG|Microsoft.AspNetCore.Mvc.Infrastructure.ControllerActionInvoker|Executing controller factory for controller Simple_Asp.Net_Core.Controllers.CommandsController (Simple_Asp.Net_Core) 
2022-07-14 13:42:23.5808|0|DEBUG|Microsoft.EntityFrameworkCore.Infrastructure|An 'IServiceProvider' was created for internal use by Entity Framework. 
2022-07-14 13:42:23.7174|0|DEBUG|Microsoft.AspNetCore.Mvc.Infrastructure.ControllerActionInvoker|Executed controller factory for controller Simple_Asp.Net_Core.Controllers.CommandsController (Simple_Asp.Net_Core) 
2022-07-14 13:42:23.7174|0|TRACE|Microsoft.AspNetCore.Mvc.Infrastructure.ControllerActionInvoker|Action Filter: Before executing OnActionExecuting on filter Microsoft.AspNetCore.Mvc.ModelBinding.UnsupportedContentTypeFilter. 
2022-07-14 13:42:23.7174|0|TRACE|Microsoft.AspNetCore.Mvc.Infrastructure.ControllerActionInvoker|Action Filter: After executing OnActionExecuting on filter Microsoft.AspNetCore.Mvc.ModelBinding.UnsupportedContentTypeFilter. 
2022-07-14 13:42:23.7174|0|TRACE|Microsoft.AspNetCore.Mvc.Infrastructure.ControllerActionInvoker|Action Filter: Before executing OnActionExecuting on filter Microsoft.AspNetCore.Mvc.Infrastructure.ModelStateInvalidFilter. 
2022-07-14 13:42:23.7174|0|TRACE|Microsoft.AspNetCore.Mvc.Infrastructure.ControllerActionInvoker|Action Filter: After executing OnActionExecuting on filter Microsoft.AspNetCore.Mvc.Infrastructure.ModelStateInvalidFilter. 
2022-07-14 13:42:23.7174|0|INFO|Microsoft.AspNetCore.Mvc.Infrastructure.ControllerActionInvoker|Executing action method Simple_Asp.Net_Core.Controllers.CommandsController.GetAllCommmands (Simple_Asp.Net_Core) - Validation state: Valid 
2022-07-14 13:42:24.2643|0|INFO|Microsoft.EntityFrameworkCore.Infrastructure|Entity Framework Core 6.0.7 initialized 'CommanderContext' using provider 'Npgsql.EntityFrameworkCore.PostgreSQL:6.0.5+9d79af6e2586d5d28da253ac075706a5575a1743' with options: None 
2022-07-14 13:42:24.2905|0|DEBUG|Microsoft.EntityFrameworkCore.Query|Compiling query expression: 
'DbSet<Command>()' 
2022-07-14 13:42:24.4488|0|DEBUG|Microsoft.EntityFrameworkCore.Query|Generated query execution expression: 
'queryContext => new SingleQueryingEnumerable<Command>(
    (RelationalQueryContext)queryContext, 
    RelationalCommandCache.SelectExpression(
        Projection Mapping:
            EmptyProjectionMember -> Dictionary<IProperty, int> { [Property: Command.Id (int) Required PK AfterSave:Throw ValueGenerated.OnAdd, 0], [Property: Command.HowTo (string) Required MaxLength(250), 1], [Property: Command.Line (string) Required, 2], [Property: Command.Platform (string) Required, 3] }
        SELECT c.Id, c.HowTo, c.Line, c.Platform
        FROM Commands AS c), 
    Func<QueryContext, DbDataReader, ResultContext, SingleQueryResultCoordinator, Command>, 
    Simple_Asp.Net_Core.Data.CommanderContext, 
    False, 
    False, 
    True
)' 
2022-07-14 13:42:24.4771|0|DEBUG|Microsoft.EntityFrameworkCore.Database.Command|Creating DbCommand for 'ExecuteReader'. 
2022-07-14 13:42:24.5564|0|DEBUG|Microsoft.EntityFrameworkCore.Database.Command|Created DbCommand for 'ExecuteReader' (75ms). 
2022-07-14 13:42:24.5613|0|DEBUG|Microsoft.EntityFrameworkCore.Database.Connection|Opening connection to database 'postgres' on server ''. 
2022-07-14 13:42:24.9159|0|DEBUG|Microsoft.EntityFrameworkCore.Database.Connection|Opened connection to database 'postgres' on server 'tcp://39.98.125.164:5432'. 
2022-07-14 13:42:24.9233|0|DEBUG|Microsoft.EntityFrameworkCore.Database.Command|Executing DbCommand [Parameters=[], CommandType='Text', CommandTimeout='30']
SELECT c."Id", c."HowTo", c."Line", c."Platform"
FROM "Commands" AS c 
2022-07-14 13:42:25.0098|0|INFO|Microsoft.EntityFrameworkCore.Database.Command|Executed DbCommand (87ms) [Parameters=[], CommandType='Text', CommandTimeout='30']
SELECT c."Id", c."HowTo", c."Line", c."Platform"
FROM "Commands" AS c 
2022-07-14 13:42:25.0219|0|DEBUG|Microsoft.EntityFrameworkCore.Database.Command|A data reader was disposed. 
2022-07-14 13:42:25.0219|0|DEBUG|Microsoft.EntityFrameworkCore.Database.Connection|Closing connection to database 'postgres' on server 'tcp://39.98.125.164:5432'. 
2022-07-14 13:42:25.0327|0|DEBUG|Microsoft.EntityFrameworkCore.Database.Connection|Closed connection to database 'postgres' on server ''. 
2022-07-14 13:42:25.0519|0|INFO|Microsoft.AspNetCore.Mvc.Infrastructure.ControllerActionInvoker|Executed action method Simple_Asp.Net_Core.Controllers.CommandsController.GetAllCommmands (Simple_Asp.Net_Core), returned result Microsoft.AspNetCore.Mvc.OkObjectResult in 1332.5404ms. 
2022-07-14 13:42:25.0519|0|TRACE|Microsoft.AspNetCore.Mvc.Infrastructure.ControllerActionInvoker|Action Filter: Before executing OnActionExecuted on filter Microsoft.AspNetCore.Mvc.Infrastructure.ModelStateInvalidFilter. 
2022-07-14 13:42:25.0519|0|TRACE|Microsoft.AspNetCore.Mvc.Infrastructure.ControllerActionInvoker|Action Filter: After executing OnActionExecuted on filter Microsoft.AspNetCore.Mvc.Infrastructure.ModelStateInvalidFilter. 
2022-07-14 13:42:25.0519|0|TRACE|Microsoft.AspNetCore.Mvc.Infrastructure.ControllerActionInvoker|Action Filter: Before executing OnActionExecuted on filter Microsoft.AspNetCore.Mvc.ModelBinding.UnsupportedContentTypeFilter. 
2022-07-14 13:42:25.0519|0|TRACE|Microsoft.AspNetCore.Mvc.Infrastructure.ControllerActionInvoker|Action Filter: After executing OnActionExecuted on filter Microsoft.AspNetCore.Mvc.ModelBinding.UnsupportedContentTypeFilter. 
2022-07-14 13:42:25.0519|0|TRACE|Microsoft.AspNetCore.Mvc.Infrastructure.ControllerActionInvoker|Result Filter: Before executing OnResultExecuting on filter Microsoft.AspNetCore.Mvc.ViewFeatures.Filters.SaveTempDataFilter. 
2022-07-14 13:42:25.0519|0|TRACE|Microsoft.AspNetCore.Mvc.Infrastructure.ControllerActionInvoker|Result Filter: After executing OnResultExecuting on filter Microsoft.AspNetCore.Mvc.ViewFeatures.Filters.SaveTempDataFilter. 
2022-07-14 13:42:25.0519|0|TRACE|Microsoft.AspNetCore.Mvc.Infrastructure.ControllerActionInvoker|Result Filter: Before executing OnResultExecuting on filter Microsoft.AspNetCore.Mvc.Infrastructure.ClientErrorResultFilter. 
2022-07-14 13:42:25.0519|0|TRACE|Microsoft.AspNetCore.Mvc.Infrastructure.ControllerActionInvoker|Result Filter: After executing OnResultExecuting on filter Microsoft.AspNetCore.Mvc.Infrastructure.ClientErrorResultFilter. 
2022-07-14 13:42:25.0519|0|TRACE|Microsoft.AspNetCore.Mvc.Infrastructure.ControllerActionInvoker|Before executing action result Microsoft.AspNetCore.Mvc.OkObjectResult. 
2022-07-14 13:42:25.0519|0|DEBUG|Microsoft.AspNetCore.Mvc.Infrastructure.DefaultOutputFormatterSelector|List of registered output formatters, in the following order: Microsoft.AspNetCore.Mvc.Formatters.HttpNoContentOutputFormatter, Microsoft.AspNetCore.Mvc.Formatters.StringOutputFormatter, Microsoft.AspNetCore.Mvc.Formatters.StreamOutputFormatter, Microsoft.AspNetCore.Mvc.Formatters.NewtonsoftJsonOutputFormatter 
2022-07-14 13:42:25.0519|0|DEBUG|Microsoft.AspNetCore.Mvc.Infrastructure.DefaultOutputFormatterSelector|Attempting to select an output formatter based on Accept header 'text/plain'. 
2022-07-14 13:42:25.0519|0|DEBUG|Microsoft.AspNetCore.Mvc.Infrastructure.DefaultOutputFormatterSelector|Could not find an output formatter based on content negotiation. Accepted types were (text/plain) 
2022-07-14 13:42:25.0519|0|DEBUG|Microsoft.AspNetCore.Mvc.Infrastructure.DefaultOutputFormatterSelector|Attempting to select an output formatter without using a content type as no explicit content types were specified for the response. 
2022-07-14 13:42:25.0519|0|DEBUG|Microsoft.AspNetCore.Mvc.Infrastructure.DefaultOutputFormatterSelector|Attempting to select the first formatter in the output formatters list which can write the result. 
2022-07-14 13:42:25.0519|0|DEBUG|Microsoft.AspNetCore.Mvc.Infrastructure.DefaultOutputFormatterSelector|Selected output formatter 'Microsoft.AspNetCore.Mvc.Formatters.NewtonsoftJsonOutputFormatter' and content type 'application/json' to write the response. 
2022-07-14 13:42:25.0519|0|INFO|Microsoft.AspNetCore.Mvc.Infrastructure.ObjectResultExecutor|Executing OkObjectResult, writing value of type 'System.Collections.Generic.List`1[[Simple_Asp.Net_Core.Dtos.CommandReadDto, Simple_Asp.Net_Core, Version=1.0.0.0, Culture=neutral, PublicKeyToken=null]]'. 
2022-07-14 13:42:25.0658|0|TRACE|Microsoft.AspNetCore.Server.Kestrel.Http2|Connection id "0HMJ5JL5K3COK" sending HEADERS frame for stream ID 11 with length 38 and flags END_HEADERS. 
2022-07-14 13:42:25.0658|0|TRACE|Microsoft.AspNetCore.Server.Kestrel.Http2|Connection id "0HMJ5JL5K3COK" sending DATA frame for stream ID 11 with length 2 and flags NONE. 
2022-07-14 13:42:25.0658|0|TRACE|Microsoft.AspNetCore.Mvc.Infrastructure.ControllerActionInvoker|After executing action result Microsoft.AspNetCore.Mvc.OkObjectResult. 
2022-07-14 13:42:25.0658|0|TRACE|Microsoft.AspNetCore.Mvc.Infrastructure.ControllerActionInvoker|Result Filter: Before executing OnResultExecuted on filter Microsoft.AspNetCore.Mvc.Infrastructure.ClientErrorResultFilter. 
2022-07-14 13:42:25.0658|0|TRACE|Microsoft.AspNetCore.Mvc.Infrastructure.ControllerActionInvoker|Result Filter: After executing OnResultExecuted on filter Microsoft.AspNetCore.Mvc.Infrastructure.ClientErrorResultFilter. 
2022-07-14 13:42:25.0658|0|TRACE|Microsoft.AspNetCore.Mvc.Infrastructure.ControllerActionInvoker|Result Filter: Before executing OnResultExecuted on filter Microsoft.AspNetCore.Mvc.ViewFeatures.Filters.SaveTempDataFilter. 
2022-07-14 13:42:25.0658|0|TRACE|Microsoft.AspNetCore.Mvc.Infrastructure.ControllerActionInvoker|Result Filter: After executing OnResultExecuted on filter Microsoft.AspNetCore.Mvc.ViewFeatures.Filters.SaveTempDataFilter. 
2022-07-14 13:42:25.0658|0|TRACE|Microsoft.AspNetCore.Mvc.Infrastructure.ControllerActionInvoker|Resource Filter: Before executing OnResourceExecuted on filter Microsoft.AspNetCore.Mvc.ViewFeatures.Filters.SaveTempDataFilter. 
2022-07-14 13:42:25.0658|0|TRACE|Microsoft.AspNetCore.Mvc.Infrastructure.ControllerActionInvoker|Resource Filter: After executing OnResourceExecuted on filter Microsoft.AspNetCore.Mvc.ViewFeatures.Filters.SaveTempDataFilter. 
2022-07-14 13:42:25.0658|0|INFO|Microsoft.AspNetCore.Mvc.Infrastructure.ControllerActionInvoker|Executed action Simple_Asp.Net_Core.Controllers.CommandsController.GetAllCommmands (Simple_Asp.Net_Core) in 1646.7754ms 
2022-07-14 13:42:25.0658|0|INFO|Microsoft.AspNetCore.Routing.EndpointMiddleware|Executed endpoint 'Simple_Asp.Net_Core.Controllers.CommandsController.GetAllCommmands (Simple_Asp.Net_Core)' 
2022-07-14 13:42:25.0658|0|TRACE|Microsoft.AspNetCore.Server.Kestrel.Http2|Connection id "0HMJ5JL5K3COK" received WINDOW_UPDATE frame for stream ID 0 with length 4 and flags 0x0. 
2022-07-14 13:42:25.0712|0|TRACE|Microsoft.AspNetCore.Server.Kestrel.Http2|Connection id "0HMJ5JL5K3COK" sending DATA frame for stream ID 11 with length 0 and flags END_STREAM. 
2022-07-14 13:42:25.0712|0|DEBUG|Microsoft.EntityFrameworkCore.Infrastructure|'CommanderContext' disposed. 
2022-07-14 13:42:25.0841|0|INFO|Microsoft.AspNetCore.Hosting.Diagnostics|Request finished HTTP/2 GET https://localhost:49153/api/Commands - - - 200 2 application/json;+charset=utf-8 1741.6846ms 
2022-07-14 13:42:55.1350|0|TRACE|Microsoft.AspNetCore.Server.Kestrel.Http2|Connection id "0HMJ5JL5K3COK" received HEADERS frame for stream ID 13 with length 32 and flags END_STREAM, END_HEADERS, PRIORITY. 
2022-07-14 13:42:55.1637|0|TRACE|Microsoft.AspNetCore.Server.Kestrel.Http2|Connection id "0HMJ5JL5K3COK" received PING frame for stream ID 0 with length 8 and flags NONE. 
2022-07-14 13:42:55.1637|0|TRACE|Microsoft.AspNetCore.Server.Kestrel.Http2|Connection id "0HMJ5JL5K3COK" sending PING frame for stream ID 0 with length 8 and flags ACK. 
2022-07-14 13:42:55.1637|0|INFO|Microsoft.AspNetCore.Hosting.Diagnostics|Request starting HTTP/2 GET https://localhost:49153/api/Commands - - 
2022-07-14 13:42:55.1637|0|TRACE|Microsoft.AspNetCore.HostFiltering.HostFilteringMiddleware|All hosts are allowed. 
2022-07-14 13:42:55.1637|0|DEBUG|Microsoft.AspNetCore.StaticFiles.StaticFileMiddleware|The request path  does not match the path filter 
2022-07-14 13:42:55.1637|0|DEBUG|Microsoft.AspNetCore.Routing.Matching.DfaMatcher|1 candidate(s) found for the request path '/api/Commands' 
2022-07-14 13:42:55.1637|0|DEBUG|Microsoft.AspNetCore.Routing.Matching.DfaMatcher|Endpoint 'Simple_Asp.Net_Core.Controllers.CommandsController.GetAllCommmands (Simple_Asp.Net_Core)' with route pattern 'api/Commands' is valid for the request path '/api/Commands' 
2022-07-14 13:42:55.1637|0|DEBUG|Microsoft.AspNetCore.Routing.EndpointRoutingMiddleware|Request matched endpoint 'Simple_Asp.Net_Core.Controllers.CommandsController.GetAllCommmands (Simple_Asp.Net_Core)' 
2022-07-14 13:42:55.1637|0|DEBUG|Microsoft.AspNetCore.Authentication.JwtBearer.JwtBearerHandler|Successfully validated the token. 
2022-07-14 13:42:55.1637|0|DEBUG|Microsoft.AspNetCore.Authentication.JwtBearer.JwtBearerHandler|AuthenticationScheme: Bearer was successfully authenticated. 
2022-07-14 13:42:55.1637|0|DEBUG|Microsoft.AspNetCore.Authorization.DefaultAuthorizationService|Authorization was successful. 
2022-07-14 13:42:55.1637|0|INFO|Microsoft.AspNetCore.Routing.EndpointMiddleware|Executing endpoint 'Simple_Asp.Net_Core.Controllers.CommandsController.GetAllCommmands (Simple_Asp.Net_Core)' 
2022-07-14 13:42:55.1637|0|INFO|Microsoft.AspNetCore.Mvc.Infrastructure.ControllerActionInvoker|Route matched with {action = "GetAllCommmands", controller = "Commands"}. Executing controller action with signature Microsoft.AspNetCore.Mvc.ActionResult`1[System.Collections.Generic.IEnumerable`1[Simple_Asp.Net_Core.Dtos.CommandReadDto]] GetAllCommmands() on controller Simple_Asp.Net_Core.Controllers.CommandsController (Simple_Asp.Net_Core). 
2022-07-14 13:42:55.1637|0|DEBUG|Microsoft.AspNetCore.Mvc.Infrastructure.ControllerActionInvoker|Execution plan of authorization filters (in the following order): None 
2022-07-14 13:42:55.1637|0|DEBUG|Microsoft.AspNetCore.Mvc.Infrastructure.ControllerActionInvoker|Execution plan of resource filters (in the following order): Microsoft.AspNetCore.Mvc.ViewFeatures.Filters.SaveTempDataFilter 
2022-07-14 13:42:55.1637|0|DEBUG|Microsoft.AspNetCore.Mvc.Infrastructure.ControllerActionInvoker|Execution plan of action filters (in the following order): Microsoft.AspNetCore.Mvc.ModelBinding.UnsupportedContentTypeFilter (Order: -3000), Microsoft.AspNetCore.Mvc.Infrastructure.ModelStateInvalidFilter (Order: -2000) 
2022-07-14 13:42:55.1637|0|DEBUG|Microsoft.AspNetCore.Mvc.Infrastructure.ControllerActionInvoker|Execution plan of exception filters (in the following order): None 
2022-07-14 13:42:55.1637|0|DEBUG|Microsoft.AspNetCore.Mvc.Infrastructure.ControllerActionInvoker|Execution plan of result filters (in the following order): Microsoft.AspNetCore.Mvc.ViewFeatures.Filters.SaveTempDataFilter, Microsoft.AspNetCore.Mvc.Infrastructure.ClientErrorResultFilter (Order: -2000) 
2022-07-14 13:42:55.1637|0|TRACE|Microsoft.AspNetCore.Mvc.Infrastructure.ControllerActionInvoker|Resource Filter: Before executing OnResourceExecuting on filter Microsoft.AspNetCore.Mvc.ViewFeatures.Filters.SaveTempDataFilter. 
2022-07-14 13:42:55.1637|0|TRACE|Microsoft.AspNetCore.Mvc.Infrastructure.ControllerActionInvoker|Resource Filter: After executing OnResourceExecuting on filter Microsoft.AspNetCore.Mvc.ViewFeatures.Filters.SaveTempDataFilter. 
2022-07-14 13:42:55.1637|0|DEBUG|Microsoft.AspNetCore.Mvc.Infrastructure.ControllerActionInvoker|Executing controller factory for controller Simple_Asp.Net_Core.Controllers.CommandsController (Simple_Asp.Net_Core) 
2022-07-14 13:42:55.1637|0|DEBUG|Microsoft.AspNetCore.Mvc.Infrastructure.ControllerActionInvoker|Executed controller factory for controller Simple_Asp.Net_Core.Controllers.CommandsController (Simple_Asp.Net_Core) 
2022-07-14 13:42:55.1637|0|TRACE|Microsoft.AspNetCore.Mvc.Infrastructure.ControllerActionInvoker|Action Filter: Before executing OnActionExecuting on filter Microsoft.AspNetCore.Mvc.ModelBinding.UnsupportedContentTypeFilter. 
2022-07-14 13:42:55.1637|0|TRACE|Microsoft.AspNetCore.Mvc.Infrastructure.ControllerActionInvoker|Action Filter: After executing OnActionExecuting on filter Microsoft.AspNetCore.Mvc.ModelBinding.UnsupportedContentTypeFilter. 
2022-07-14 13:42:55.1637|0|TRACE|Microsoft.AspNetCore.Mvc.Infrastructure.ControllerActionInvoker|Action Filter: Before executing OnActionExecuting on filter Microsoft.AspNetCore.Mvc.Infrastructure.ModelStateInvalidFilter. 
2022-07-14 13:42:55.1637|0|TRACE|Microsoft.AspNetCore.Mvc.Infrastructure.ControllerActionInvoker|Action Filter: After executing OnActionExecuting on filter Microsoft.AspNetCore.Mvc.Infrastructure.ModelStateInvalidFilter. 
2022-07-14 13:42:55.1637|0|INFO|Microsoft.AspNetCore.Mvc.Infrastructure.ControllerActionInvoker|Executing action method Simple_Asp.Net_Core.Controllers.CommandsController.GetAllCommmands (Simple_Asp.Net_Core) - Validation state: Valid 
2022-07-14 13:42:55.1716|0|INFO|Microsoft.EntityFrameworkCore.Infrastructure|Entity Framework Core 6.0.7 initialized 'CommanderContext' using provider 'Npgsql.EntityFrameworkCore.PostgreSQL:6.0.5+9d79af6e2586d5d28da253ac075706a5575a1743' with options: None 
2022-07-14 13:42:55.1716|0|DEBUG|Microsoft.EntityFrameworkCore.Database.Command|Creating DbCommand for 'ExecuteReader'. 
2022-07-14 13:42:55.1716|0|DEBUG|Microsoft.EntityFrameworkCore.Database.Command|Created DbCommand for 'ExecuteReader' (0ms). 
2022-07-14 13:42:55.1716|0|DEBUG|Microsoft.EntityFrameworkCore.Database.Connection|Opening connection to database 'postgres' on server ''. 
2022-07-14 13:42:55.1716|0|DEBUG|Microsoft.EntityFrameworkCore.Database.Connection|Opened connection to database 'postgres' on server 'tcp://39.98.125.164:5432'. 
2022-07-14 13:42:55.1716|0|DEBUG|Microsoft.EntityFrameworkCore.Database.Command|Executing DbCommand [Parameters=[], CommandType='Text', CommandTimeout='30']
SELECT c."Id", c."HowTo", c."Line", c."Platform"
FROM "Commands" AS c 
2022-07-14 13:42:55.2063|0|INFO|Microsoft.EntityFrameworkCore.Database.Command|Executed DbCommand (34ms) [Parameters=[], CommandType='Text', CommandTimeout='30']
SELECT c."Id", c."HowTo", c."Line", c."Platform"
FROM "Commands" AS c 
2022-07-14 13:42:55.2322|0|DEBUG|Microsoft.EntityFrameworkCore.ChangeTracking|Context 'CommanderContext' started tracking 'Command' entity. Consider using 'DbContextOptionsBuilder.EnableSensitiveDataLogging' to see key values. 
2022-07-14 13:42:55.2532|0|DEBUG|Microsoft.EntityFrameworkCore.Database.Command|A data reader was disposed. 
2022-07-14 13:42:55.2532|0|DEBUG|Microsoft.EntityFrameworkCore.Database.Connection|Closing connection to database 'postgres' on server 'tcp://39.98.125.164:5432'. 
2022-07-14 13:42:55.2532|0|DEBUG|Microsoft.EntityFrameworkCore.Database.Connection|Closed connection to database 'postgres' on server ''. 
2022-07-14 13:42:55.2532|0|INFO|Microsoft.AspNetCore.Mvc.Infrastructure.ControllerActionInvoker|Executed action method Simple_Asp.Net_Core.Controllers.CommandsController.GetAllCommmands (Simple_Asp.Net_Core), returned result Microsoft.AspNetCore.Mvc.OkObjectResult in 84.5922ms. 
2022-07-14 13:42:55.2532|0|TRACE|Microsoft.AspNetCore.Mvc.Infrastructure.ControllerActionInvoker|Action Filter: Before executing OnActionExecuted on filter Microsoft.AspNetCore.Mvc.Infrastructure.ModelStateInvalidFilter. 
2022-07-14 13:42:55.2532|0|TRACE|Microsoft.AspNetCore.Mvc.Infrastructure.ControllerActionInvoker|Action Filter: After executing OnActionExecuted on filter Microsoft.AspNetCore.Mvc.Infrastructure.ModelStateInvalidFilter. 
2022-07-14 13:42:55.2532|0|TRACE|Microsoft.AspNetCore.Mvc.Infrastructure.ControllerActionInvoker|Action Filter: Before executing OnActionExecuted on filter Microsoft.AspNetCore.Mvc.ModelBinding.UnsupportedContentTypeFilter. 
2022-07-14 13:42:55.2532|0|TRACE|Microsoft.AspNetCore.Mvc.Infrastructure.ControllerActionInvoker|Action Filter: After executing OnActionExecuted on filter Microsoft.AspNetCore.Mvc.ModelBinding.UnsupportedContentTypeFilter. 
2022-07-14 13:42:55.2532|0|TRACE|Microsoft.AspNetCore.Mvc.Infrastructure.ControllerActionInvoker|Result Filter: Before executing OnResultExecuting on filter Microsoft.AspNetCore.Mvc.ViewFeatures.Filters.SaveTempDataFilter. 
2022-07-14 13:42:55.2532|0|TRACE|Microsoft.AspNetCore.Mvc.Infrastructure.ControllerActionInvoker|Result Filter: After executing OnResultExecuting on filter Microsoft.AspNetCore.Mvc.ViewFeatures.Filters.SaveTempDataFilter. 
2022-07-14 13:42:55.2532|0|TRACE|Microsoft.AspNetCore.Mvc.Infrastructure.ControllerActionInvoker|Result Filter: Before executing OnResultExecuting on filter Microsoft.AspNetCore.Mvc.Infrastructure.ClientErrorResultFilter. 
2022-07-14 13:42:55.2532|0|TRACE|Microsoft.AspNetCore.Mvc.Infrastructure.ControllerActionInvoker|Result Filter: After executing OnResultExecuting on filter Microsoft.AspNetCore.Mvc.Infrastructure.ClientErrorResultFilter. 
2022-07-14 13:42:55.2532|0|TRACE|Microsoft.AspNetCore.Mvc.Infrastructure.ControllerActionInvoker|Before executing action result Microsoft.AspNetCore.Mvc.OkObjectResult. 
2022-07-14 13:42:55.2532|0|DEBUG|Microsoft.AspNetCore.Mvc.Infrastructure.DefaultOutputFormatterSelector|List of registered output formatters, in the following order: Microsoft.AspNetCore.Mvc.Formatters.HttpNoContentOutputFormatter, Microsoft.AspNetCore.Mvc.Formatters.StringOutputFormatter, Microsoft.AspNetCore.Mvc.Formatters.StreamOutputFormatter, Microsoft.AspNetCore.Mvc.Formatters.NewtonsoftJsonOutputFormatter 
2022-07-14 13:42:55.2532|0|DEBUG|Microsoft.AspNetCore.Mvc.Infrastructure.DefaultOutputFormatterSelector|Attempting to select an output formatter based on Accept header 'text/plain'. 
2022-07-14 13:42:55.2532|0|DEBUG|Microsoft.AspNetCore.Mvc.Infrastructure.DefaultOutputFormatterSelector|Could not find an output formatter based on content negotiation. Accepted types were (text/plain) 
2022-07-14 13:42:55.2532|0|DEBUG|Microsoft.AspNetCore.Mvc.Infrastructure.DefaultOutputFormatterSelector|Attempting to select an output formatter without using a content type as no explicit content types were specified for the response. 
2022-07-14 13:42:55.2532|0|DEBUG|Microsoft.AspNetCore.Mvc.Infrastructure.DefaultOutputFormatterSelector|Attempting to select the first formatter in the output formatters list which can write the result. 
2022-07-14 13:42:55.2532|0|DEBUG|Microsoft.AspNetCore.Mvc.Infrastructure.DefaultOutputFormatterSelector|Selected output formatter 'Microsoft.AspNetCore.Mvc.Formatters.NewtonsoftJsonOutputFormatter' and content type 'application/json' to write the response. 
2022-07-14 13:42:55.2532|0|INFO|Microsoft.AspNetCore.Mvc.Infrastructure.ObjectResultExecutor|Executing OkObjectResult, writing value of type 'System.Collections.Generic.List`1[[Simple_Asp.Net_Core.Dtos.CommandReadDto, Simple_Asp.Net_Core, Version=1.0.0.0, Culture=neutral, PublicKeyToken=null]]'. 
2022-07-14 13:42:55.2532|0|TRACE|Microsoft.AspNetCore.Server.Kestrel.Http2|Connection id "0HMJ5JL5K3COK" sending HEADERS frame for stream ID 13 with length 39 and flags END_HEADERS. 
2022-07-14 13:42:55.2532|0|TRACE|Microsoft.AspNetCore.Server.Kestrel.Http2|Connection id "0HMJ5JL5K3COK" sending DATA frame for stream ID 13 with length 33 and flags NONE. 
2022-07-14 13:42:55.2532|0|TRACE|Microsoft.AspNetCore.Mvc.Infrastructure.ControllerActionInvoker|After executing action result Microsoft.AspNetCore.Mvc.OkObjectResult. 
2022-07-14 13:42:55.2615|0|TRACE|Microsoft.AspNetCore.Mvc.Infrastructure.ControllerActionInvoker|Result Filter: Before executing OnResultExecuted on filter Microsoft.AspNetCore.Mvc.Infrastructure.ClientErrorResultFilter. 
2022-07-14 13:42:55.2615|0|TRACE|Microsoft.AspNetCore.Mvc.Infrastructure.ControllerActionInvoker|Result Filter: After executing OnResultExecuted on filter Microsoft.AspNetCore.Mvc.Infrastructure.ClientErrorResultFilter. 
2022-07-14 13:42:55.2615|0|TRACE|Microsoft.AspNetCore.Mvc.Infrastructure.ControllerActionInvoker|Result Filter: Before executing OnResultExecuted on filter Microsoft.AspNetCore.Mvc.ViewFeatures.Filters.SaveTempDataFilter. 
2022-07-14 13:42:55.2615|0|TRACE|Microsoft.AspNetCore.Mvc.Infrastructure.ControllerActionInvoker|Result Filter: After executing OnResultExecuted on filter Microsoft.AspNetCore.Mvc.ViewFeatures.Filters.SaveTempDataFilter. 
2022-07-14 13:42:55.2615|0|TRACE|Microsoft.AspNetCore.Mvc.Infrastructure.ControllerActionInvoker|Resource Filter: Before executing OnResourceExecuted on filter Microsoft.AspNetCore.Mvc.ViewFeatures.Filters.SaveTempDataFilter. 
2022-07-14 13:42:55.2615|0|TRACE|Microsoft.AspNetCore.Mvc.Infrastructure.ControllerActionInvoker|Resource Filter: After executing OnResourceExecuted on filter Microsoft.AspNetCore.Mvc.ViewFeatures.Filters.SaveTempDataFilter. 
2022-07-14 13:42:55.2615|0|INFO|Microsoft.AspNetCore.Mvc.Infrastructure.ControllerActionInvoker|Executed action Simple_Asp.Net_Core.Controllers.CommandsController.GetAllCommmands (Simple_Asp.Net_Core) in 93.5961ms 
2022-07-14 13:42:55.2615|0|INFO|Microsoft.AspNetCore.Routing.EndpointMiddleware|Executed endpoint 'Simple_Asp.Net_Core.Controllers.CommandsController.GetAllCommmands (Simple_Asp.Net_Core)' 
2022-07-14 13:42:55.2615|0|TRACE|Microsoft.AspNetCore.Server.Kestrel.Http2|Connection id "0HMJ5JL5K3COK" sending DATA frame for stream ID 13 with length 0 and flags END_STREAM. 
2022-07-14 13:42:55.2615|0|DEBUG|Microsoft.EntityFrameworkCore.Infrastructure|'CommanderContext' disposed. 
2022-07-14 13:42:55.2615|0|INFO|Microsoft.AspNetCore.Hosting.Diagnostics|Request finished HTTP/2 GET https://localhost:49153/api/Commands - - - 200 33 application/json;+charset=utf-8 99.5800ms 
2022-07-14 13:42:55.2615|0|TRACE|Microsoft.AspNetCore.Server.Kestrel.Http2|Connection id "0HMJ5JL5K3COK" received WINDOW_UPDATE frame for stream ID 0 with length 4 and flags 0x0. 
