2022-07-13 12:46:53.6217|0|WARN|Microsoft.AspNetCore.DataProtection.Repositories.FileSystemXmlRepository|Storing keys in a directory '/root/.aspnet/DataProtection-Keys' that may not be persisted outside of the container. Protected data will be unavailable when container is destroyed. |url: |action: |Microsoft.Extensions.Logging.LoggingExtensions.UsingEphemeralFileSystemLocationInContainer
2022-07-13 12:46:53.6939|0|WARN|Microsoft.AspNetCore.DataProtection.KeyManagement.XmlKeyManager|No XML encryptor configured. Key {86a13755-1b30-4d1f-a432-24ae7038b420} may be persisted to storage in unencrypted form. |url: |action: |Microsoft.Extensions.Logging.LoggingExtensions.NoXMLEncryptorConfiguredKeyMayBePersistedToStorageInUnencryptedForm
2022-07-13 12:46:53.8525|0|INFO|Microsoft.Hosting.Lifetime|Now listening on: https://[::]:443 |url: |action: |Microsoft.AspNetCore.Hosting.GenericWebHostService.StartAsync
2022-07-13 12:46:53.8525|0|INFO|Microsoft.Hosting.Lifetime|Now listening on: http://[::]:80 |url: |action: |Microsoft.AspNetCore.Hosting.GenericWebHostService.StartAsync
2022-07-13 12:46:53.8525|0|INFO|Microsoft.Hosting.Lifetime|Application started. Press Ctrl+C to shut down. |url: |action: |Microsoft.Extensions.Hosting.Internal.ConsoleLifetime.OnApplicationStarted
2022-07-13 12:46:53.8525|0|INFO|Microsoft.Hosting.Lifetime|Hosting environment: Development |url: |action: |Microsoft.Extensions.Hosting.Internal.ConsoleLifetime.OnApplicationStarted
2022-07-13 12:46:53.8525|0|INFO|Microsoft.Hosting.Lifetime|Content root path: /app/ |url: |action: |Microsoft.Extensions.Hosting.Internal.ConsoleLifetime.OnApplicationStarted
2022-07-13 12:47:19.0426|0|ERROR|Simple_Asp.Net_Core.Controllers.OAuthController|TEST1 |url: https://localhost/api/OAuth|action: Authenticate|Simple_Asp.Net_Core.Controllers.OAuthController.Authenticate
2022-07-13 12:47:38.2091|0|ERROR|Microsoft.EntityFrameworkCore.Database.Command|Failed executing DbCommand (85ms) [Parameters=[], CommandType='Text', CommandTimeout='30']
SELECT c."Id", c."HowTo", c."Line", c."Platform"
FROM "Commands" AS c |url: https://localhost/api/Commands|action: GetAllCommmands|Microsoft.EntityFrameworkCore.Diagnostics.Internal.RelationalCommandDiagnosticsLogger.LogCommandError
2022-07-13 12:47:38.2418|0|ERROR|Microsoft.EntityFrameworkCore.Query|An exception occurred while iterating over the results of a query for context type 'Simple_Asp.Net_Core.Data.CommanderContext'.
Npgsql.PostgresException (0x80004005): 42P01: relation "Commands" does not exist

POSITION: 55
   at Npgsql.Internal.NpgsqlConnector.<ReadMessage>g__ReadMessageLong|211_0(NpgsqlConnector connector, Boolean async, DataRowLoadingMode dataRowLoadingMode, Boolean readingNotifications, Boolean isReadingPrependedMessage)
   at Npgsql.NpgsqlDataReader.NextResult(Boolean async, Boolean isConsuming, CancellationToken cancellationToken)
   at Npgsql.NpgsqlDataReader.NextResult()
   at Npgsql.NpgsqlCommand.ExecuteReader(CommandBehavior behavior, Boolean async, CancellationToken cancellationToken)
   at Npgsql.NpgsqlCommand.ExecuteReader(CommandBehavior behavior, Boolean async, CancellationToken cancellationToken)
   at Npgsql.NpgsqlCommand.ExecuteReader(CommandBehavior behavior)
   at Microsoft.EntityFrameworkCore.Storage.RelationalCommand.ExecuteReader(RelationalCommandParameterObject parameterObject)
   at Microsoft.EntityFrameworkCore.Query.Internal.SingleQueryingEnumerable`1.Enumerator.InitializeReader(Enumerator enumerator)
   at Npgsql.EntityFrameworkCore.PostgreSQL.Storage.Internal.NpgsqlExecutionStrategy.Execute[TState,TResult](TState state, Func`3 operation, Func`3 verifySucceeded)
   at Microsoft.EntityFrameworkCore.Query.Internal.SingleQueryingEnumerable`1.Enumerator.MoveNext()
  Exception data:
    Severity: ERROR
    SqlState: 42P01
    MessageText: relation "Commands" does not exist
    Position: 55
    File: parse_relation.c
    Line: 1381
    Routine: parserOpenTable Npgsql.PostgresException (0x80004005): 42P01: relation "Commands" does not exist

POSITION: 55
   at Npgsql.Internal.NpgsqlConnector.<ReadMessage>g__ReadMessageLong|211_0(NpgsqlConnector connector, Boolean async, DataRowLoadingMode dataRowLoadingMode, Boolean readingNotifications, Boolean isReadingPrependedMessage)
   at Npgsql.NpgsqlDataReader.NextResult(Boolean async, Boolean isConsuming, CancellationToken cancellationToken)
   at Npgsql.NpgsqlDataReader.NextResult()
   at Npgsql.NpgsqlCommand.ExecuteReader(CommandBehavior behavior, Boolean async, CancellationToken cancellationToken)
   at Npgsql.NpgsqlCommand.ExecuteReader(CommandBehavior behavior, Boolean async, CancellationToken cancellationToken)
   at Npgsql.NpgsqlCommand.ExecuteReader(CommandBehavior behavior)
   at Microsoft.EntityFrameworkCore.Storage.RelationalCommand.ExecuteReader(RelationalCommandParameterObject parameterObject)
   at Microsoft.EntityFrameworkCore.Query.Internal.SingleQueryingEnumerable`1.Enumerator.InitializeReader(Enumerator enumerator)
   at Npgsql.EntityFrameworkCore.PostgreSQL.Storage.Internal.NpgsqlExecutionStrategy.Execute[TState,TResult](TState state, Func`3 operation, Func`3 verifySucceeded)
   at Microsoft.EntityFrameworkCore.Query.Internal.SingleQueryingEnumerable`1.Enumerator.MoveNext()
  Exception data:
    Severity: ERROR
    SqlState: 42P01
    MessageText: relation "Commands" does not exist
    Position: 55
    File: parse_relation.c
    Line: 1381
    Routine: parserOpenTable|url: https://localhost/api/Commands|action: GetAllCommmands|Microsoft.EntityFrameworkCore.Diagnostics.CoreLoggerExtensions.QueryIterationFailed
2022-07-13 12:47:42.0573|0|ERROR|Microsoft.AspNetCore.Diagnostics.ExceptionHandlerMiddleware|An unhandled exception has occurred while executing the request. Npgsql.PostgresException (0x80004005): 42P01: relation "Commands" does not exist

POSITION: 55
   at Npgsql.Internal.NpgsqlConnector.<ReadMessage>g__ReadMessageLong|211_0(NpgsqlConnector connector, Boolean async, DataRowLoadingMode dataRowLoadingMode, Boolean readingNotifications, Boolean isReadingPrependedMessage)
   at Npgsql.NpgsqlDataReader.NextResult(Boolean async, Boolean isConsuming, CancellationToken cancellationToken)
   at Npgsql.NpgsqlDataReader.NextResult()
   at Npgsql.NpgsqlCommand.ExecuteReader(CommandBehavior behavior, Boolean async, CancellationToken cancellationToken)
   at Npgsql.NpgsqlCommand.ExecuteReader(CommandBehavior behavior, Boolean async, CancellationToken cancellationToken)
   at Npgsql.NpgsqlCommand.ExecuteReader(CommandBehavior behavior)
   at Microsoft.EntityFrameworkCore.Storage.RelationalCommand.ExecuteReader(RelationalCommandParameterObject parameterObject)
   at Microsoft.EntityFrameworkCore.Query.Internal.SingleQueryingEnumerable`1.Enumerator.InitializeReader(Enumerator enumerator)
   at Npgsql.EntityFrameworkCore.PostgreSQL.Storage.Internal.NpgsqlExecutionStrategy.Execute[TState,TResult](TState state, Func`3 operation, Func`3 verifySucceeded)
   at Microsoft.EntityFrameworkCore.Query.Internal.SingleQueryingEnumerable`1.Enumerator.MoveNext()
   at System.Collections.Generic.List`1..ctor(IEnumerable`1 collection)
   at System.Linq.Enumerable.ToList[TSource](IEnumerable`1 source)
   at Simple_Asp.Net_Core.Data.SqlCommanderRepo.GetAllCommands() in D:\workspace\github\Simple_Asp.Net_Core\Simple_Asp.Net_Core\Simple_Asp.Net_Core\Data\SqlCommanderRepo.cs:line 39
   at Simple_Asp.Net_Core.Controllers.CommandsController.GetAllCommmands() in D:\workspace\github\Simple_Asp.Net_Core\Simple_Asp.Net_Core\Simple_Asp.Net_Core\Controllers\CommandsController.cs:line 29
   at lambda_method24(Closure , Object , Object[] )
   at Microsoft.AspNetCore.Mvc.Infrastructure.ActionMethodExecutor.SyncObjectResultExecutor.Execute(IActionResultTypeMapper mapper, ObjectMethodExecutor executor, Object controller, Object[] arguments)
   at Microsoft.AspNetCore.Mvc.Infrastructure.ControllerActionInvoker.<InvokeActionMethodAsync>g__Logged|12_1(ControllerActionInvoker invoker)
   at Microsoft.AspNetCore.Mvc.Infrastructure.ControllerActionInvoker.<InvokeNextActionFilterAsync>g__Awaited|10_0(ControllerActionInvoker invoker, Task lastTask, State next, Scope scope, Object state, Boolean isCompleted)
   at Microsoft.AspNetCore.Mvc.Infrastructure.ControllerActionInvoker.Rethrow(ActionExecutedContextSealed context)
   at Microsoft.AspNetCore.Mvc.Infrastructure.ControllerActionInvoker.Next(State& next, Scope& scope, Object& state, Boolean& isCompleted)
   at Microsoft.AspNetCore.Mvc.Infrastructure.ControllerActionInvoker.InvokeInnerFilterAsync()
--- End of stack trace from previous location ---
   at Microsoft.AspNetCore.Mvc.Infrastructure.ResourceInvoker.<InvokeNextResourceFilter>g__Awaited|25_0(ResourceInvoker invoker, Task lastTask, State next, Scope scope, Object state, Boolean isCompleted)
   at Microsoft.AspNetCore.Mvc.Infrastructure.ResourceInvoker.Rethrow(ResourceExecutedContextSealed context)
   at Microsoft.AspNetCore.Mvc.Infrastructure.ResourceInvoker.Next(State& next, Scope& scope, Object& state, Boolean& isCompleted)
   at Microsoft.AspNetCore.Mvc.Infrastructure.ResourceInvoker.InvokeFilterPipelineAsync()
--- End of stack trace from previous location ---
   at Microsoft.AspNetCore.Mvc.Infrastructure.ResourceInvoker.<InvokeAsync>g__Logged|17_1(ResourceInvoker invoker)
   at Microsoft.AspNetCore.Mvc.Infrastructure.ResourceInvoker.<InvokeAsync>g__Logged|17_1(ResourceInvoker invoker)
   at Microsoft.AspNetCore.Routing.EndpointMiddleware.<Invoke>g__AwaitRequestTask|6_0(Endpoint endpoint, Task requestTask, ILogger logger)
   at Program.<>c.<<<Main>$>b__0_6>d.MoveNext() in D:\workspace\github\Simple_Asp.Net_Core\Simple_Asp.Net_Core\Simple_Asp.Net_Core\Program.cs:line 83
--- End of stack trace from previous location ---
   at Program.<>c.<<<Main>$>b__0_5>d.MoveNext() in D:\workspace\github\Simple_Asp.Net_Core\Simple_Asp.Net_Core\Simple_Asp.Net_Core\Program.cs:line 73
--- End of stack trace from previous location ---
   at Microsoft.AspNetCore.Authorization.Policy.AuthorizationMiddlewareResultHandler.HandleAsync(RequestDelegate next, HttpContext context, AuthorizationPolicy policy, PolicyAuthorizationResult authorizeResult)
   at Microsoft.AspNetCore.Authorization.AuthorizationMiddleware.Invoke(HttpContext context)
   at Microsoft.AspNetCore.Authentication.AuthenticationMiddleware.Invoke(HttpContext context)
   at Microsoft.AspNetCore.Diagnostics.ExceptionHandlerMiddleware.<Invoke>g__Awaited|6_0(ExceptionHandlerMiddleware middleware, HttpContext context, Task task)
  Exception data:
    Severity: ERROR
    SqlState: 42P01
    MessageText: relation "Commands" does not exist
    Position: 55
    File: parse_relation.c
    Line: 1381
    Routine: parserOpenTable|url: https://localhost/api/Commands|action: GetAllCommmands|Microsoft.AspNetCore.Diagnostics.DiagnosticsLoggerExtensions.UnhandledException
2022-07-13 12:48:52.2835|0|WARN|Microsoft.AspNetCore.DataProtection.Repositories.FileSystemXmlRepository|Storing keys in a directory '/root/.aspnet/DataProtection-Keys' that may not be persisted outside of the container. Protected data will be unavailable when container is destroyed. |url: |action: |Microsoft.Extensions.Logging.LoggingExtensions.UsingEphemeralFileSystemLocationInContainer
2022-07-13 12:48:52.5103|0|INFO|Microsoft.Hosting.Lifetime|Now listening on: https://[::]:443 |url: |action: |Microsoft.AspNetCore.Hosting.GenericWebHostService.StartAsync
2022-07-13 12:48:52.5173|0|INFO|Microsoft.Hosting.Lifetime|Now listening on: http://[::]:80 |url: |action: |Microsoft.AspNetCore.Hosting.GenericWebHostService.StartAsync
2022-07-13 12:48:52.5384|0|INFO|Microsoft.Hosting.Lifetime|Application started. Press Ctrl+C to shut down. |url: |action: |Microsoft.Extensions.Hosting.Internal.ConsoleLifetime.OnApplicationStarted
2022-07-13 12:48:52.5384|0|INFO|Microsoft.Hosting.Lifetime|Hosting environment: Development |url: |action: |Microsoft.Extensions.Hosting.Internal.ConsoleLifetime.OnApplicationStarted
2022-07-13 12:48:52.5384|0|INFO|Microsoft.Hosting.Lifetime|Content root path: /app/ |url: |action: |Microsoft.Extensions.Hosting.Internal.ConsoleLifetime.OnApplicationStarted
